<?xml version="1.0" encoding="UTF-8"?>
<testsuite xmlns:xsi="http://www.w3.org/2001/XMLSchema-instance" xsi:noNamespaceSchemaLocation="https://maven.apache.org/surefire/maven-surefire-plugin/xsd/surefire-test-report.xsd" name="com.hmall.search.SearchApplicationTest" time="105.796" tests="3" errors="3" skipped="0" failures="0">
  <properties>
[...]
</properties>
  <testcase name="testQuery" classname="com.hmall.search.SearchApplicationTest" time="30.799">
    <error message="30,000 milliseconds timeout on connection http-outgoing-0 [ACTIVE]" type="java.net.SocketTimeoutException">java.net.SocketTimeoutException: 30,000 milliseconds timeout on connection http-outgoing-0 [ACTIVE]
	at com.hmall.search.SearchApplicationTest.testQuery(SearchApplicationTest.java:87)
Caused by: java.net.SocketTimeoutException: 30,000 milliseconds timeout on connection http-outgoing-0 [ACTIVE]
</error>
    <system-out><![CDATA[21:24:21.443 [main] DEBUG org.springframework.test.context.BootstrapUtils - Instantiating CacheAwareContextLoaderDelegate from class [org.springframework.test.context.cache.DefaultCacheAwareContextLoaderDelegate]
21:24:21.448 [main] DEBUG org.springframework.test.context.BootstrapUtils - Instantiating BootstrapContext using constructor [public org.springframework.test.context.support.DefaultBootstrapContext(java.lang.Class,org.springframework.test.context.CacheAwareContextLoaderDelegate)]
21:24:21.471 [main] DEBUG org.springframework.test.context.BootstrapUtils - Instantiating TestContextBootstrapper for test class [com.hmall.search.SearchApplicationTest] from class [org.springframework.boot.test.context.SpringBootTestContextBootstrapper]
21:24:21.478 [main] INFO org.springframework.boot.test.context.SpringBootTestContextBootstrapper - Neither @ContextConfiguration nor @ContextHierarchy found for test class [com.hmall.search.SearchApplicationTest], using SpringBootContextLoader
21:24:21.480 [main] DEBUG org.springframework.test.context.support.AbstractContextLoader - Did not detect default resource location for test class [com.hmall.search.SearchApplicationTest]: class path resource [com/hmall/search/SearchApplicationTest-context.xml] does not exist
21:24:21.481 [main] DEBUG org.springframework.test.context.support.AbstractContextLoader - Did not detect default resource location for test class [com.hmall.search.SearchApplicationTest]: class path resource [com/hmall/search/SearchApplicationTestContext.groovy] does not exist
21:24:21.481 [main] INFO org.springframework.test.context.support.AbstractContextLoader - Could not detect default resource locations for test class [com.hmall.search.SearchApplicationTest]: no resource found for suffixes {-context.xml, Context.groovy}.
21:24:21.482 [main] INFO org.springframework.test.context.support.AnnotationConfigContextLoaderUtils - Could not detect default configuration classes for test class [com.hmall.search.SearchApplicationTest]: SearchApplicationTest does not declare any static, non-private, non-final, nested classes annotated with @Configuration.
21:24:21.514 [main] DEBUG org.springframework.test.context.support.ActiveProfilesUtils - Could not find an 'annotation declaring class' for annotation type [org.springframework.test.context.ActiveProfiles] and class [com.hmall.search.SearchApplicationTest]
21:24:21.555 [main] DEBUG org.springframework.context.annotation.ClassPathScanningCandidateComponentProvider - Identified candidate component class: file [E:\ownspace\java\hmall\hmall\search-service\target\classes\com\hmall\search\SearchApplication.class]
21:24:21.556 [main] INFO org.springframework.boot.test.context.SpringBootTestContextBootstrapper - Found @SpringBootConfiguration com.hmall.search.SearchApplication for test class com.hmall.search.SearchApplicationTest
21:24:21.635 [main] DEBUG org.springframework.boot.test.context.SpringBootTestContextBootstrapper - @TestExecutionListeners is not present for class [com.hmall.search.SearchApplicationTest]: using defaults.
21:24:21.635 [main] INFO org.springframework.boot.test.context.SpringBootTestContextBootstrapper - Loaded default TestExecutionListener class names from location [META-INF/spring.factories]: [org.springframework.boot.test.mock.mockito.MockitoTestExecutionListener, org.springframework.boot.test.mock.mockito.ResetMocksTestExecutionListener, org.springframework.boot.test.autoconfigure.restdocs.RestDocsTestExecutionListener, org.springframework.boot.test.autoconfigure.web.client.MockRestServiceServerResetTestExecutionListener, org.springframework.boot.test.autoconfigure.web.servlet.MockMvcPrintOnlyOnFailureTestExecutionListener, org.springframework.boot.test.autoconfigure.web.servlet.WebDriverTestExecutionListener, org.springframework.boot.test.autoconfigure.webservices.client.MockWebServiceServerTestExecutionListener, org.springframework.test.context.web.ServletTestExecutionListener, org.springframework.test.context.support.DirtiesContextBeforeModesTestExecutionListener, org.springframework.test.context.event.ApplicationEventsTestExecutionListener, org.springframework.test.context.support.DependencyInjectionTestExecutionListener, org.springframework.test.context.support.DirtiesContextTestExecutionListener, org.springframework.test.context.transaction.TransactionalTestExecutionListener, org.springframework.test.context.jdbc.SqlScriptsTestExecutionListener, org.springframework.test.context.event.EventPublishingTestExecutionListener]
21:24:21.649 [main] INFO org.springframework.boot.test.context.SpringBootTestContextBootstrapper - Using TestExecutionListeners: [org.springframework.test.context.web.ServletTestExecutionListener@25748410, org.springframework.test.context.support.DirtiesContextBeforeModesTestExecutionListener@2b43529a, org.springframework.test.context.event.ApplicationEventsTestExecutionListener@4264b240, org.springframework.boot.test.mock.mockito.MockitoTestExecutionListener@5b04476e, org.springframework.boot.test.autoconfigure.SpringBootDependencyInjectionTestExecutionListener@5ad10c1a, org.springframework.test.context.support.DirtiesContextTestExecutionListener@6bb75258, org.springframework.test.context.transaction.TransactionalTestExecutionListener@c260bdc, org.springframework.test.context.jdbc.SqlScriptsTestExecutionListener@75e01201, org.springframework.test.context.event.EventPublishingTestExecutionListener@2783717b, org.springframework.boot.test.mock.mockito.ResetMocksTestExecutionListener@76f7d241, org.springframework.boot.test.autoconfigure.restdocs.RestDocsTestExecutionListener@4a335fa8, org.springframework.boot.test.autoconfigure.web.client.MockRestServiceServerResetTestExecutionListener@3f363cf5, org.springframework.boot.test.autoconfigure.web.servlet.MockMvcPrintOnlyOnFailureTestExecutionListener@3829ac1, org.springframework.boot.test.autoconfigure.web.servlet.WebDriverTestExecutionListener@4baf352a, org.springframework.boot.test.autoconfigure.webservices.client.MockWebServiceServerTestExecutionListener@1bb1fde8]
21:24:21.661 [main] DEBUG org.springframework.test.context.support.AbstractDirtiesContextTestExecutionListener - Before test class: context [DefaultTestContext@275fe372 testClass = SearchApplicationTest, testInstance = [null], testMethod = [null], testException = [null], mergedContextConfiguration = [WebMergedContextConfiguration@40e10ff8 testClass = SearchApplicationTest, locations = '{}', classes = '{class com.hmall.search.SearchApplication}', contextInitializerClasses = '[]', activeProfiles = '{}', propertySourceLocations = '{}', propertySourceProperties = '{org.springframework.boot.test.context.SpringBootTestContextBootstrapper=true}', contextCustomizers = set[org.springframework.boot.test.context.filter.ExcludeFilterContextCustomizer@4eaf3684, org.springframework.boot.test.json.DuplicateJsonObjectContextCustomizerFactory$DuplicateJsonObjectContextCustomizer@39d9314d, org.springframework.boot.test.mock.mockito.MockitoContextCustomizer@0, org.springframework.boot.test.web.client.TestRestTemplateContextCustomizer@75d2da2d, org.springframework.boot.test.autoconfigure.actuate.metrics.MetricsExportContextCustomizerFactory$DisableMetricExportContextCustomizer@282cb7c7, org.springframework.boot.test.autoconfigure.properties.PropertyMappingContextCustomizer@0, org.springframework.boot.test.autoconfigure.web.servlet.WebDriverContextCustomizerFactory$Customizer@25f4878b, org.springframework.boot.test.context.SpringBootTestArgs@1, org.springframework.boot.test.context.SpringBootTestWebEnvironment@67c27493], resourceBasePath = 'src/main/webapp', contextLoader = 'org.springframework.boot.test.context.SpringBootContextLoader', parent = [null]], attributes = map['org.springframework.test.context.web.ServletTestExecutionListener.activateListener' -> true]], class annotated with @DirtiesContext [false] with mode [null].

  .   ____          _            __ _ _
 /\\ / ___'_ __ _ _(_)_ __  __ _ \ \ \ \
( ( )\___ | '_ | '_| | '_ \/ _` | \ \ \ \
 \\/  ___)| |_)| | | | | || (_| |  ) ) ) )
  '  |____| .__|_| |_|_| |_\__, | / / / /
 =========|_|==============|___/=/_/_/_/
 :: Spring Boot ::               (v2.7.12)

2024-07-15 21:24:24.852  INFO 54576 --- [           main] com.hmall.search.SearchApplicationTest   : The following 1 profile is active: "local"
2024-07-15 21:24:25.344  INFO 54576 --- [           main] .s.d.r.c.RepositoryConfigurationDelegate : Bootstrapping Spring Data Elasticsearch repositories in DEFAULT mode.
2024-07-15 21:24:25.355  INFO 54576 --- [           main] .s.d.r.c.RepositoryConfigurationDelegate : Finished Spring Data repository scanning in 6 ms. Found 0 Elasticsearch repository interfaces.
2024-07-15 21:24:25.359  INFO 54576 --- [           main] .s.d.r.c.RepositoryConfigurationDelegate : Bootstrapping Spring Data Reactive Elasticsearch repositories in DEFAULT mode.
2024-07-15 21:24:25.361  INFO 54576 --- [           main] .s.d.r.c.RepositoryConfigurationDelegate : Finished Spring Data repository scanning in 1 ms. Found 0 Reactive Elasticsearch repository interfaces.
2024-07-15 21:24:25.523  INFO 54576 --- [           main] o.s.cloud.context.scope.GenericScope     : BeanFactory id=1e921bb3-cb21-3e93-a438-0f10ffd56470
 _ _   |_  _ _|_. ___ _ |    _ 
| | |\/|_)(_| | |_\  |_)||_|_\ 
     /               |         
                        3.4.3 
2024-07-15 21:24:30.248  INFO 54576 --- [           main] pertySourcedRequestMappingHandlerMapping : Mapped URL path [/v2/api-docs] onto method [springfox.documentation.swagger2.web.Swagger2ControllerWebMvc#getDocumentation(String, HttpServletRequest)]
2024-07-15 21:24:33.157  INFO 54576 --- [           main] d.s.w.p.DocumentationPluginsBootstrapper : Documentation plugins bootstrapped
2024-07-15 21:24:33.161  INFO 54576 --- [           main] d.s.w.p.DocumentationPluginsBootstrapper : Found 1 custom documentation plugin(s)
2024-07-15 21:24:33.198  INFO 54576 --- [           main] s.d.s.w.s.ApiListingReferenceScanner     : Scanning for api listing references
2024-07-15 21:24:33.212  INFO 54576 --- [           main] com.hmall.search.SearchApplicationTest   : Started SearchApplicationTest in 11.513 seconds (JVM running for 12.253)
2024-07-15 21:24:33.567  INFO 54576 --- [           main] com.zaxxer.hikari.HikariDataSource       : HikariPool-1 - Starting...
2024-07-15 21:24:33.726  INFO 54576 --- [           main] com.zaxxer.hikari.HikariDataSource       : HikariPool-1 - Start completed.
]]></system-out>
  </testcase>
  <testcase name="testBulkRequest" classname="com.hmall.search.SearchApplicationTest" time="33.08">
    <error message="30,000 milliseconds timeout on connection http-outgoing-1 [ACTIVE]" type="java.net.SocketTimeoutException">java.net.SocketTimeoutException: 30,000 milliseconds timeout on connection http-outgoing-1 [ACTIVE]
	at com.hmall.search.SearchApplicationTest.testBulkRequest(SearchApplicationTest.java:71)
Caused by: java.net.SocketTimeoutException: 30,000 milliseconds timeout on connection http-outgoing-1 [ACTIVE]
</error>
    <system-out><![CDATA[----------begin----------------1721049904615---------------
=========size=======88476===============
-------------end-------------1721049906376---------------
]]></system-out>
  </testcase>
  <testcase name="testExistsIndex" classname="com.hmall.search.SearchApplicationTest" time="30.091">
    <error message="30,000 milliseconds timeout on connection http-outgoing-2 [ACTIVE]" type="java.net.SocketTimeoutException">java.net.SocketTimeoutException: 30,000 milliseconds timeout on connection http-outgoing-2 [ACTIVE]
	at com.hmall.search.SearchApplicationTest.testExistsIndex(SearchApplicationTest.java:46)
Caused by: java.net.SocketTimeoutException: 30,000 milliseconds timeout on connection http-outgoing-2 [ACTIVE]
</error>
  </testcase>
</testsuite>